# JRE version: Java(TM) SE Runtime Environment (21.0.9+7) (build 21.0.9+7-LTS-338)
# Java VM: Java HotSpot(TM) 64-Bit Server VM (21.0.9+7-LTS-338, mixed mode, emulated-client, sharing, tiered, compressed oops, compressed class ptrs, g1 gc, windows-amd64)
GC Precious Log:
 CardTable entry size: 512
 Card Set container configuration: InlinePtr #cards 4 size 8 Array Of Cards #cards 32 size 80 Howl #buckets 8 coarsen threshold 7372 Howl Bitmap #cards 1024 size 144 coarsen threshold 921 Card regions per heap region 1 cards per card region 8192
 CPUs: 12 total, 12 available
 Memory: 24339M
 Large Page Support: Disabled
 NUMA Support: Disabled
 Compressed Oops: Enabled (Zero based)
 Heap Region Size: 4M
 Heap Min Capacity: 8M
 Heap Initial Capacity: 384M
 Heap Max Capacity: 6088M
 Pre-touch: Disabled
 Parallel Workers: 10
 Concurrent Workers: 3
 Concurrent Refinement Workers: 10
 Periodic GC: Disabled
Heap:
 garbage-first heap   total 110592K, used 85884K [0x0000000683800000, 0x0000000800000000)
  region size 4096K, 12 young (49152K), 1 survivors (4096K)
 Metaspace       used 98468K, committed 99328K, reserved 1179648K
  class space    used 13286K, committed 13696K, reserved 1048576K
GC Heap History (20 events):
Event: 1678.073 GC heap after
{Heap after GC invocations=37 (full 2):
 garbage-first heap   total 110592K, used 38580K [0x0000000683800000, 0x0000000800000000)
  region size 4096K, 2 young (8192K), 2 survivors (8192K)
 Metaspace       used 95064K, committed 95936K, reserved 1179648K
  class space    used 12930K, committed 13376K, reserved 1048576K
}
Event: 1689.389 GC heap before
{Heap before GC invocations=38 (full 2):
 garbage-first heap   total 110592K, used 91828K [0x0000000683800000, 0x0000000800000000)
  region size 4096K, 15 young (61440K), 2 survivors (8192K)
 Metaspace       used 95831K, committed 96704K, reserved 1179648K
  class space    used 13039K, committed 13440K, reserved 1048576K
}
Event: 1689.394 GC heap after
{Heap after GC invocations=39 (full 2):
 garbage-first heap   total 110592K, used 39268K [0x0000000683800000, 0x0000000800000000)
  region size 4096K, 2 young (8192K), 2 survivors (8192K)
 Metaspace       used 95831K, committed 96704K, reserved 1179648K
  class space    used 13039K, committed 13440K, reserved 1048576K
}
Event: 1689.901 GC heap before
{Heap before GC invocations=39 (full 2):
 garbage-first heap   total 110592K, used 88420K [0x0000000683800000, 0x0000000800000000)
  region size 4096K, 14 young (57344K), 2 survivors (8192K)
 Metaspace       used 96219K, committed 97152K, reserved 1179648K
  class space    used 13074K, committed 13504K, reserved 1048576K
}
Event: 1689.907 GC heap after
{Heap after GC invocations=40 (full 2):
 garbage-first heap   total 110592K, used 42383K [0x0000000683800000, 0x0000000800000000)
  region size 4096K, 2 young (8192K), 2 survivors (8192K)
 Metaspace       used 96219K, committed 97152K, reserved 1179648K
  class space    used 13074K, committed 13504K, reserved 1048576K
}
Event: 1750.301 GC heap before
{Heap before GC invocations=40 (full 2):
 garbage-first heap   total 110592K, used 87439K [0x0000000683800000, 0x0000000800000000)
  region size 4096K, 13 young (53248K), 2 survivors (8192K)
 Metaspace       used 96484K, committed 97344K, reserved 1179648K
  class space    used 13097K, committed 13504K, reserved 1048576K
}
Event: 1750.305 GC heap after
{Heap after GC invocations=41 (full 2):
 garbage-first heap   total 110592K, used 44731K [0x0000000683800000, 0x0000000800000000)
  region size 4096K, 2 young (8192K), 2 survivors (8192K)
 Metaspace       used 96484K, committed 97344K, reserved 1179648K
  class space    used 13097K, committed 13504K, reserved 1048576K
}
Event: 1751.900 GC heap before
{Heap before GC invocations=42 (full 2):
 garbage-first heap   total 110592K, used 89787K [0x0000000683800000, 0x0000000800000000)
  region size 4096K, 13 young (53248K), 2 survivors (8192K)
 Metaspace       used 96537K, committed 97408K, reserved 1179648K
  class space    used 13079K, committed 13504K, reserved 1048576K
}
Event: 1751.904 GC heap after
{Heap after GC invocations=43 (full 2):
 garbage-first heap   total 110592K, used 47123K [0x0000000683800000, 0x0000000800000000)
  region size 4096K, 2 young (8192K), 2 survivors (8192K)
 Metaspace       used 96537K, committed 97408K, reserved 1179648K
  class space    used 13079K, committed 13504K, reserved 1048576K
}
Event: 1771.227 GC heap before
{Heap before GC invocations=43 (full 2):
 garbage-first heap   total 110592K, used 88083K [0x0000000683800000, 0x0000000800000000)
  region size 4096K, 12 young (49152K), 2 survivors (8192K)
 Metaspace       used 96905K, committed 97792K, reserved 1179648K
  class space    used 13109K, committed 13568K, reserved 1048576K
}
Event: 1771.233 GC heap after
{Heap after GC invocations=44 (full 2):
 garbage-first heap   total 110592K, used 47376K [0x0000000683800000, 0x0000000800000000)
  region size 4096K, 2 young (8192K), 2 survivors (8192K)
 Metaspace       used 96905K, committed 97792K, reserved 1179648K
  class space    used 13109K, committed 13568K, reserved 1048576K
}
Event: 1819.813 GC heap before
{Heap before GC invocations=44 (full 2):
 garbage-first heap   total 110592K, used 67856K [0x0000000683800000, 0x0000000800000000)
  region size 4096K, 8 young (32768K), 2 survivors (8192K)
 Metaspace       used 96908K, committed 97792K, reserved 1179648K
  class space    used 13109K, committed 13568K, reserved 1048576K
}
Event: 1819.872 GC heap after
{Heap after GC invocations=45 (full 3):
 garbage-first heap   total 110592K, used 35336K [0x0000000683800000, 0x0000000800000000)
  region size 4096K, 0 young (0K), 0 survivors (0K)
 Metaspace       used 96749K, committed 97792K, reserved 1179648K
  class space    used 13072K, committed 13568K, reserved 1048576K
}
Event: 1821.129 GC heap before
{Heap before GC invocations=45 (full 3):
 garbage-first heap   total 110592K, used 88584K [0x0000000683800000, 0x0000000800000000)
  region size 4096K, 14 young (57344K), 0 survivors (0K)
 Metaspace       used 97050K, committed 97920K, reserved 1179648K
  class space    used 13109K, committed 13568K, reserved 1048576K
}
Event: 1821.133 GC heap after
{Heap after GC invocations=46 (full 3):
 garbage-first heap   total 110592K, used 40526K [0x0000000683800000, 0x0000000800000000)
  region size 4096K, 2 young (8192K), 2 survivors (8192K)
 Metaspace       used 97050K, committed 97920K, reserved 1179648K
  class space    used 13109K, committed 13568K, reserved 1048576K
}
Event: 1837.340 GC heap before
{Heap before GC invocations=47 (full 3):
 garbage-first heap   total 110592K, used 81486K [0x0000000683800000, 0x0000000800000000)
  region size 4096K, 13 young (53248K), 2 survivors (8192K)
 Metaspace       used 97502K, committed 98368K, reserved 1179648K
  class space    used 13158K, committed 13568K, reserved 1048576K
}
Event: 1837.443 GC heap after
{Heap after GC invocations=48 (full 4):
 garbage-first heap   total 110592K, used 35859K [0x0000000683800000, 0x0000000800000000)
  region size 4096K, 0 young (0K), 0 survivors (0K)
 Metaspace       used 97461K, committed 98368K, reserved 1179648K
  class space    used 13150K, committed 13568K, reserved 1048576K
}
Event: 1838.048 GC heap before
{Heap before GC invocations=48 (full 4):
 garbage-first heap   total 110592K, used 85011K [0x0000000683800000, 0x0000000800000000)
  region size 4096K, 13 young (53248K), 0 survivors (0K)
 Metaspace       used 97730K, committed 98560K, reserved 1179648K
  class space    used 13190K, committed 13568K, reserved 1048576K
}
Event: 1838.052 GC heap after
{Heap after GC invocations=49 (full 4):
 garbage-first heap   total 110592K, used 40828K [0x0000000683800000, 0x0000000800000000)
  region size 4096K, 2 young (8192K), 2 survivors (8192K)
 Metaspace       used 97730K, committed 98560K, reserved 1179648K
  class space    used 13190K, committed 13568K, reserved 1048576K
}
Event: 1842.393 GC heap before
{Heap before GC invocations=50 (full 4):
 garbage-first heap   total 110592K, used 85884K [0x0000000683800000, 0x0000000800000000)
  region size 4096K, 13 young (53248K), 2 survivors (8192K)
 Metaspace       used 98468K, committed 99328K, reserved 1179648K
  class space    used 13286K, committed 13696K, reserved 1048576K
}

