# JRE version: Java(TM) SE Runtime Environment (21.0.9+7) (build 21.0.9+7-LTS-338)
# Java VM: Java HotSpot(TM) 64-Bit Server VM (21.0.9+7-LTS-338, mixed mode, emulated-client, sharing, tiered, compressed oops, compressed class ptrs, g1 gc, windows-amd64)
GC Precious Log:
 CardTable entry size: 512
 Card Set container configuration: InlinePtr #cards 4 size 8 Array Of Cards #cards 32 size 80 Howl #buckets 8 coarsen threshold 7372 Howl Bitmap #cards 1024 size 144 coarsen threshold 921 Card regions per heap region 1 cards per card region 8192
 CPUs: 12 total, 12 available
 Memory: 24339M
 Large Page Support: Disabled
 NUMA Support: Disabled
 Compressed Oops: Enabled (Zero based)
 Heap Region Size: 4M
 Heap Min Capacity: 8M
 Heap Initial Capacity: 384M
 Heap Max Capacity: 6088M
 Pre-touch: Disabled
 Parallel Workers: 10
 Concurrent Workers: 3
 Concurrent Refinement Workers: 10
 Periodic GC: Disabled
Heap:
 garbage-first heap   total 122880K, used 81996K [0x0000000683800000, 0x0000000800000000)
  region size 4096K, 13 young (53248K), 2 survivors (8192K)
 Metaspace       used 120673K, committed 121728K, reserved 1179648K
  class space    used 15375K, committed 15872K, reserved 1048576K
GC Heap History (20 events):
Event: 2946.602 GC heap before
{Heap before GC invocations=70 (full 7):
 garbage-first heap   total 122880K, used 99796K [0x0000000683800000, 0x0000000800000000)
  region size 4096K, 16 young (65536K), 2 survivors (8192K)
 Metaspace       used 115285K, committed 116288K, reserved 1179648K
  class space    used 14907K, committed 15360K, reserved 1048576K
}
Event: 2946.606 GC heap after
{Heap after GC invocations=71 (full 7):
 garbage-first heap   total 122880K, used 46201K [0x0000000683800000, 0x0000000800000000)
  region size 4096K, 2 young (8192K), 2 survivors (8192K)
 Metaspace       used 115285K, committed 116288K, reserved 1179648K
  class space    used 14907K, committed 15360K, reserved 1048576K
}
Event: 3056.843 GC heap before
{Heap before GC invocations=71 (full 7):
 garbage-first heap   total 122880K, used 87161K [0x0000000683800000, 0x0000000800000000)
  region size 4096K, 13 young (53248K), 2 survivors (8192K)
 Metaspace       used 115288K, committed 116288K, reserved 1179648K
  class space    used 14908K, committed 15360K, reserved 1048576K
}
Event: 3056.907 GC heap after
{Heap after GC invocations=72 (full 8):
 garbage-first heap   total 122880K, used 37654K [0x0000000683800000, 0x0000000800000000)
  region size 4096K, 0 young (0K), 0 survivors (0K)
 Metaspace       used 115194K, committed 116288K, reserved 1179648K
  class space    used 14885K, committed 15360K, reserved 1048576K
}
Event: 3057.352 GC heap before
{Heap before GC invocations=72 (full 8):
 garbage-first heap   total 122880K, used 103190K [0x0000000683800000, 0x0000000800000000)
  region size 4096K, 16 young (65536K), 0 survivors (0K)
 Metaspace       used 115727K, committed 116736K, reserved 1179648K
  class space    used 14946K, committed 15424K, reserved 1048576K
}
Event: 3057.356 GC heap after
{Heap after GC invocations=73 (full 8):
 garbage-first heap   total 122880K, used 43247K [0x0000000683800000, 0x0000000800000000)
  region size 4096K, 2 young (8192K), 2 survivors (8192K)
 Metaspace       used 115727K, committed 116736K, reserved 1179648K
  class space    used 14946K, committed 15424K, reserved 1048576K
}
Event: 3057.738 GC heap before
{Heap before GC invocations=74 (full 8):
 garbage-first heap   total 122880K, used 100591K [0x0000000683800000, 0x0000000800000000)
  region size 4096K, 16 young (65536K), 2 survivors (8192K)
 Metaspace       used 117060K, committed 118080K, reserved 1179648K
  class space    used 15060K, committed 15552K, reserved 1048576K
}
Event: 3057.742 GC heap after
{Heap after GC invocations=75 (full 8):
 garbage-first heap   total 122880K, used 47552K [0x0000000683800000, 0x0000000800000000)
  region size 4096K, 2 young (8192K), 2 survivors (8192K)
 Metaspace       used 117060K, committed 118080K, reserved 1179648K
  class space    used 15060K, committed 15552K, reserved 1048576K
}
Event: 3087.342 GC heap before
{Heap before GC invocations=75 (full 8):
 garbage-first heap   total 122880K, used 63936K [0x0000000683800000, 0x0000000800000000)
  region size 4096K, 7 young (28672K), 2 survivors (8192K)
 Metaspace       used 117147K, committed 118208K, reserved 1179648K
  class space    used 15071K, committed 15552K, reserved 1048576K
}
Event: 3087.397 GC heap after
{Heap after GC invocations=76 (full 9):
 garbage-first heap   total 122880K, used 37433K [0x0000000683800000, 0x0000000800000000)
  region size 4096K, 0 young (0K), 0 survivors (0K)
 Metaspace       used 116913K, committed 118208K, reserved 1179648K
  class space    used 15017K, committed 15552K, reserved 1048576K
}
Event: 3087.778 GC heap before
{Heap before GC invocations=76 (full 9):
 garbage-first heap   total 122880K, used 102969K [0x0000000683800000, 0x0000000800000000)
  region size 4096K, 16 young (65536K), 0 survivors (0K)
 Metaspace       used 117445K, committed 118464K, reserved 1179648K
  class space    used 15075K, committed 15552K, reserved 1048576K
}
Event: 3087.783 GC heap after
{Heap after GC invocations=77 (full 9):
 garbage-first heap   total 122880K, used 42931K [0x0000000683800000, 0x0000000800000000)
  region size 4096K, 2 young (8192K), 2 survivors (8192K)
 Metaspace       used 117445K, committed 118464K, reserved 1179648K
  class space    used 15075K, committed 15552K, reserved 1048576K
}
Event: 3088.220 GC heap before
{Heap before GC invocations=78 (full 9):
 garbage-first heap   total 122880K, used 100275K [0x0000000683800000, 0x0000000800000000)
  region size 4096K, 16 young (65536K), 2 survivors (8192K)
 Metaspace       used 118758K, committed 119744K, reserved 1179648K
  class space    used 15197K, committed 15680K, reserved 1048576K
}
Event: 3088.224 GC heap after
{Heap after GC invocations=79 (full 9):
 garbage-first heap   total 122880K, used 46966K [0x0000000683800000, 0x0000000800000000)
  region size 4096K, 2 young (8192K), 2 survivors (8192K)
 Metaspace       used 118758K, committed 119744K, reserved 1179648K
  class space    used 15197K, committed 15680K, reserved 1048576K
}
Event: 3215.999 GC heap before
{Heap before GC invocations=79 (full 9):
 garbage-first heap   total 122880K, used 96118K [0x0000000683800000, 0x0000000800000000)
  region size 4096K, 14 young (57344K), 2 survivors (8192K)
 Metaspace       used 118786K, committed 119744K, reserved 1179648K
  class space    used 15199K, committed 15680K, reserved 1048576K
}
Event: 3216.002 GC heap after
{Heap after GC invocations=80 (full 9):
 garbage-first heap   total 122880K, used 46644K [0x0000000683800000, 0x0000000800000000)
  region size 4096K, 1 young (4096K), 1 survivors (4096K)
 Metaspace       used 118786K, committed 119744K, reserved 1179648K
  class space    used 15199K, committed 15680K, reserved 1048576K
}
Event: 3292.730 GC heap before
{Heap before GC invocations=80 (full 9):
 garbage-first heap   total 122880K, used 71220K [0x0000000683800000, 0x0000000800000000)
  region size 4096K, 8 young (32768K), 1 survivors (4096K)
 Metaspace       used 118789K, committed 119808K, reserved 1179648K
  class space    used 15200K, committed 15680K, reserved 1048576K
}
Event: 3292.783 GC heap after
{Heap after GC invocations=81 (full 10):
 garbage-first heap   total 122880K, used 34155K [0x0000000683800000, 0x0000000800000000)
  region size 4096K, 0 young (0K), 0 survivors (0K)
 Metaspace       used 118616K, committed 119808K, reserved 1179648K
  class space    used 15159K, committed 15680K, reserved 1048576K
}
Event: 3293.286 GC heap before
{Heap before GC invocations=81 (full 10):
 garbage-first heap   total 122880K, used 99691K [0x0000000683800000, 0x0000000800000000)
  region size 4096K, 17 young (69632K), 0 survivors (0K)
 Metaspace       used 119303K, committed 120256K, reserved 1179648K
  class space    used 15253K, committed 15680K, reserved 1048576K
}
Event: 3293.290 GC heap after
{Heap after GC invocations=82 (full 10):
 garbage-first heap   total 122880K, used 41036K [0x0000000683800000, 0x0000000800000000)
  region size 4096K, 2 young (8192K), 2 survivors (8192K)
 Metaspace       used 119303K, committed 120256K, reserved 1179648K
  class space    used 15253K, committed 15680K, reserved 1048576K
}

